<?xml version="1.0" encoding="UTF-8"?>
<!-- Generated by org.testng.reporters.JUnitXMLReporter -->
<testsuite ignored="0" hostname="Sampadas-Air.attlocal.net" failures="0" tests="5" name="Default test" time="4.767" errors="0" timestamp="2023-05-22T17:47:17 CDT">
  <testcase classname="practiceProject.test_get" name="test_1" time="3.393"/>
  <testcase classname="practiceProject.test_get" name="test_2" time="0.195"/>
  <testcase classname="practiceProject.test_get" name="test_3" time="0.392"/>
  <testcase classname="practiceProject.test_get" name="test_4" time="0.377"/>
  <testcase classname="practiceProject.test_get" name="test_5" time="0.341"/>
</testsuite> <!-- Default test -->
